<component name="libraryTable">
  <library name="junit4">
    <CLASSES>
      <root url="jar:///snap/intellij-idea-community/current/lib/junit4.jar!/" />
    </CLASSES>
    <JAVADOC />
    <SOURCES />
  </library>
</component>